> Task :compileJava UP-TO-DATE
> Task :processResources UP-TO-DATE
> Task :classes UP-TO-DATE
> Task :resolveMainClassName UP-TO-DATE

> Task :bootRun

  .   ____          _            __ _ _
 /\\ / ___'_ __ _ _(_)_ __  __ _ \ \ \ \
( ( )\___ | '_ | '_| | '_ \/ _` | \ \ \ \
 \\/  ___)| |_)| | | | | || (_| |  ) ) ) )
  '  |____| .__|_| |_|_| |_\__, | / / / /
 =========|_|==============|___/=/_/_/_/

 :: Spring Boot ::                (v4.0.2)

2026-02-14T18:41:17.562+09:00  INFO 85167 --- [           main] com.example.demo.DemoApplication         : Starting DemoApplication using Java 21.0.6 with PID 85167 (/Users/leelaal/Desktop/vibe-coding-lab/실습3/build/classes/java/main started by leelaal in /Users/leelaal/Desktop/vibe-coding-lab/실습3)
2026-02-14T18:41:17.565+09:00  INFO 85167 --- [           main] com.example.demo.DemoApplication         : No active profile set, falling back to 1 default profile: "default"
2026-02-14T18:41:17.928+09:00  INFO 85167 --- [           main] .s.d.r.c.RepositoryConfigurationDelegate : Bootstrapping Spring Data JPA repositories in DEFAULT mode.
2026-02-14T18:41:17.953+09:00  INFO 85167 --- [           main] .s.d.r.c.RepositoryConfigurationDelegate : Finished Spring Data repository scanning in 20 ms. Found 1 JPA repository interface.
2026-02-14T18:41:18.199+09:00  INFO 85167 --- [           main] o.s.boot.tomcat.TomcatWebServer          : Tomcat initialized with port 8080 (http)
2026-02-14T18:41:18.206+09:00  INFO 85167 --- [           main] o.apache.catalina.core.StandardService   : Starting service [Tomcat]
2026-02-14T18:41:18.207+09:00  INFO 85167 --- [           main] o.apache.catalina.core.StandardEngine    : Starting Servlet engine: [Apache Tomcat/11.0.15]
2026-02-14T18:41:18.233+09:00  INFO 85167 --- [           main] b.w.c.s.WebApplicationContextInitializer : Root WebApplicationContext: initialization completed in 644 ms
2026-02-14T18:41:18.323+09:00  INFO 85167 --- [           main] org.hibernate.orm.jpa                    : HHH008540: Processing PersistenceUnitInfo [name: default]
2026-02-14T18:41:18.360+09:00  INFO 85167 --- [           main] org.hibernate.orm.core                   : HHH000001: Hibernate ORM core version 7.2.1.Final
2026-02-14T18:41:18.653+09:00  INFO 85167 --- [           main] o.s.o.j.p.SpringPersistenceUnitInfo      : No LoadTimeWeaver setup: ignoring JPA class transformer
2026-02-14T18:41:18.674+09:00  INFO 85167 --- [           main] com.zaxxer.hikari.HikariDataSource       : HikariPool-1 - Starting...
2026-02-14T18:41:18.768+09:00  INFO 85167 --- [           main] com.zaxxer.hikari.pool.HikariPool        : HikariPool-1 - Added connection conn0: url=jdbc:h2:mem:mall user=SA
2026-02-14T18:41:18.769+09:00  INFO 85167 --- [           main] com.zaxxer.hikari.HikariDataSource       : HikariPool-1 - Start completed.
2026-02-14T18:41:18.806+09:00  INFO 85167 --- [           main] org.hibernate.orm.connections.pooling    : HHH10001005: Database info:
	Database JDBC URL [jdbc:h2:mem:mall]
	Database driver: H2 JDBC Driver
	Database dialect: H2Dialect
	Database version: 2.4.240
	Default catalog/schema: MALL/PUBLIC
	Autocommit mode: undefined/unknown
	Isolation level: READ_COMMITTED [default READ_COMMITTED]
	JDBC fetch size: 100
	Pool: DataSourceConnectionProvider
	Minimum pool size: undefined/unknown
	Maximum pool size: undefined/unknown
2026-02-14T18:41:19.261+09:00  INFO 85167 --- [           main] org.hibernate.orm.core                   : HHH000489: No JTA platform available (set 'hibernate.transaction.jta.platform' to enable JTA platform integration)
Hibernate: 
    create table product (
        id bigint generated by default as identity,
        description varchar(255),
        name varchar(255),
        price bigint,
        stock_quantity integer,
        primary key (id)
    )
2026-02-14T18:41:19.294+09:00  INFO 85167 --- [           main] j.LocalContainerEntityManagerFactoryBean : Initialized JPA EntityManagerFactory for persistence unit 'default'
2026-02-14T18:41:19.339+09:00  INFO 85167 --- [           main] o.s.d.j.r.query.QueryEnhancerFactories   : Hibernate is in classpath; If applicable, HQL parser will be used.
2026-02-14T18:41:19.437+09:00  WARN 85167 --- [           main] JpaBaseConfiguration$JpaWebConfiguration : spring.jpa.open-in-view is enabled by default. Therefore, database queries may be performed during view rendering. Explicitly configure spring.jpa.open-in-view to disable this warning
2026-02-14T18:41:19.464+09:00  INFO 85167 --- [           main] o.s.v.b.OptionalValidatorFactoryBean     : Failed to set up a Bean Validation provider: jakarta.validation.NoProviderFoundException: Unable to create a Configuration, because no Jakarta Validation provider could be found. Add a provider like Hibernate Validator (RI) to your classpath.
2026-02-14T18:41:19.645+09:00  INFO 85167 --- [           main] o.s.b.h.a.H2ConsoleAutoConfiguration     : H2 console available at '/h2-console'. Database available at 'jdbc:h2:mem:mall'
2026-02-14T18:41:19.680+09:00  INFO 85167 --- [           main] o.s.boot.tomcat.TomcatWebServer          : Tomcat started on port 8080 (http) with context path '/'
2026-02-14T18:41:19.684+09:00  INFO 85167 --- [           main] com.example.demo.DemoApplication         : Started DemoApplication in 2.352 seconds (process running for 2.538)
2026-02-14T18:41:20.004+09:00  INFO 85167 --- [nio-8080-exec-1] o.a.c.c.C.[Tomcat].[localhost].[/]       : Initializing Spring DispatcherServlet 'dispatcherServlet'
2026-02-14T18:41:20.004+09:00  INFO 85167 --- [nio-8080-exec-1] o.s.web.servlet.DispatcherServlet        : Initializing Servlet 'dispatcherServlet'
2026-02-14T18:41:20.004+09:00  INFO 85167 --- [nio-8080-exec-1] o.s.web.servlet.DispatcherServlet        : Completed initialization in 0 ms
Hibernate: 
    select
        p1_0.id,
        p1_0.description,
        p1_0.name,
        p1_0.price,
        p1_0.stock_quantity 
    from
        product p1_0
